# JRE version: OpenJDK Runtime Environment Corretto-21.0.3.9.1 (21.0.3+9) (build 21.0.3+9-LTS)
# Java VM: OpenJDK 64-Bit Server VM Corretto-21.0.3.9.1 (21.0.3+9-LTS, mixed mode, emulated-client, sharing, tiered, compressed oops, compressed class ptrs, g1 gc, windows-amd64)
GC Precious Log:
 CardTable entry size: 512
 Card Set container configuration: InlinePtr #cards 5 size 8 Array Of Cards #cards 12 size 40 Howl #buckets 4 coarsen threshold 1843 Howl Bitmap #cards 512 size 80 coarsen threshold 460 Card regions per heap region 1 cards per card region 2048
 CPUs: 4 total, 4 available
 Memory: 8120M
 Large Page Support: Disabled
 NUMA Support: Disabled
 Compressed Oops: Enabled (32-bit)
 Heap Region Size: 1M
 Heap Min Capacity: 8M
 Heap Initial Capacity: 128M
 Heap Max Capacity: 2032M
 Pre-touch: Disabled
 Parallel Workers: 4
 Concurrent Workers: 1
 Concurrent Refinement Workers: 4
 Periodic GC: Disabled
Heap:
 garbage-first heap   total 63488K, used 51424K [0x0000000081000000, 0x0000000100000000)
  region size 1024K, 17 young (17408K), 3 survivors (3072K)
 Metaspace       used 77471K, committed 78208K, reserved 1179648K
  class space    used 11174K, committed 11520K, reserved 1048576K
GC Heap History (20 events):
Event: 12.754 GC heap before
{Heap before GC invocations=13 (full 0):
 garbage-first heap   total 58368K, used 50772K [0x0000000081000000, 0x0000000100000000)
  region size 1024K, 24 young (24576K), 2 survivors (2048K)
 Metaspace       used 45540K, committed 46080K, reserved 1114112K
  class space    used 6142K, committed 6400K, reserved 1048576K
}
Event: 12.759 GC heap after
{Heap after GC invocations=14 (full 0):
 garbage-first heap   total 58368K, used 29253K [0x0000000081000000, 0x0000000100000000)
  region size 1024K, 1 young (1024K), 1 survivors (1024K)
 Metaspace       used 45540K, committed 46080K, reserved 1114112K
  class space    used 6142K, committed 6400K, reserved 1048576K
}
Event: 14.354 GC heap before
{Heap before GC invocations=15 (full 0):
 garbage-first heap   total 58368K, used 50757K [0x0000000081000000, 0x0000000100000000)
  region size 1024K, 23 young (23552K), 1 survivors (1024K)
 Metaspace       used 48554K, committed 49088K, reserved 1114112K
  class space    used 6543K, committed 6784K, reserved 1048576K
}
Event: 14.359 GC heap after
{Heap after GC invocations=16 (full 0):
 garbage-first heap   total 58368K, used 30277K [0x0000000081000000, 0x0000000100000000)
  region size 1024K, 2 young (2048K), 2 survivors (2048K)
 Metaspace       used 48554K, committed 49088K, reserved 1114112K
  class space    used 6543K, committed 6784K, reserved 1048576K
}
Event: 16.777 GC heap before
{Heap before GC invocations=16 (full 0):
 garbage-first heap   total 58368K, used 51781K [0x0000000081000000, 0x0000000100000000)
  region size 1024K, 23 young (23552K), 2 survivors (2048K)
 Metaspace       used 53720K, committed 54336K, reserved 1114112K
  class space    used 7406K, committed 7680K, reserved 1048576K
}
Event: 16.783 GC heap after
{Heap after GC invocations=17 (full 0):
 garbage-first heap   total 58368K, used 30900K [0x0000000081000000, 0x0000000100000000)
  region size 1024K, 3 young (3072K), 3 survivors (3072K)
 Metaspace       used 53720K, committed 54336K, reserved 1114112K
  class space    used 7406K, committed 7680K, reserved 1048576K
}
Event: 17.706 GC heap before
{Heap before GC invocations=17 (full 0):
 garbage-first heap   total 58368K, used 48308K [0x0000000081000000, 0x0000000100000000)
  region size 1024K, 21 young (21504K), 3 survivors (3072K)
 Metaspace       used 58193K, committed 58880K, reserved 1114112K
  class space    used 8053K, committed 8384K, reserved 1048576K
}
Event: 17.712 GC heap after
{Heap after GC invocations=18 (full 0):
 garbage-first heap   total 58368K, used 32234K [0x0000000081000000, 0x0000000100000000)
  region size 1024K, 3 young (3072K), 3 survivors (3072K)
 Metaspace       used 58193K, committed 58880K, reserved 1114112K
  class space    used 8053K, committed 8384K, reserved 1048576K
}
Event: 18.410 GC heap before
{Heap before GC invocations=19 (full 0):
 garbage-first heap   total 63488K, used 49642K [0x0000000081000000, 0x0000000100000000)
  region size 1024K, 20 young (20480K), 3 survivors (3072K)
 Metaspace       used 62710K, committed 63424K, reserved 1114112K
  class space    used 8748K, committed 9088K, reserved 1048576K
}
Event: 18.415 GC heap after
{Heap after GC invocations=20 (full 0):
 garbage-first heap   total 63488K, used 32945K [0x0000000081000000, 0x0000000100000000)
  region size 1024K, 2 young (2048K), 2 survivors (2048K)
 Metaspace       used 62710K, committed 63424K, reserved 1114112K
  class space    used 8748K, committed 9088K, reserved 1048576K
}
Event: 19.364 GC heap before
{Heap before GC invocations=20 (full 0):
 garbage-first heap   total 63488K, used 56497K [0x0000000081000000, 0x0000000100000000)
  region size 1024K, 25 young (25600K), 2 survivors (2048K)
 Metaspace       used 66341K, committed 67072K, reserved 1114112K
  class space    used 9358K, committed 9664K, reserved 1048576K
}
Event: 19.370 GC heap after
{Heap after GC invocations=21 (full 0):
 garbage-first heap   total 63488K, used 33457K [0x0000000081000000, 0x0000000100000000)
  region size 1024K, 3 young (3072K), 3 survivors (3072K)
 Metaspace       used 66341K, committed 67072K, reserved 1114112K
  class space    used 9358K, committed 9664K, reserved 1048576K
}
Event: 20.210 GC heap before
{Heap before GC invocations=21 (full 0):
 garbage-first heap   total 63488K, used 54961K [0x0000000081000000, 0x0000000100000000)
  region size 1024K, 25 young (25600K), 3 survivors (3072K)
 Metaspace       used 70974K, committed 71680K, reserved 1114112K
  class space    used 9984K, committed 10304K, reserved 1048576K
}
Event: 20.217 GC heap after
{Heap after GC invocations=22 (full 0):
 garbage-first heap   total 63488K, used 34689K [0x0000000081000000, 0x0000000100000000)
  region size 1024K, 3 young (3072K), 3 survivors (3072K)
 Metaspace       used 70974K, committed 71680K, reserved 1114112K
  class space    used 9984K, committed 10304K, reserved 1048576K
}
Event: 20.936 GC heap before
{Heap before GC invocations=23 (full 0):
 garbage-first heap   total 63488K, used 55169K [0x0000000081000000, 0x0000000100000000)
  region size 1024K, 24 young (24576K), 3 survivors (3072K)
 Metaspace       used 73568K, committed 74304K, reserved 1114112K
  class space    used 10448K, committed 10752K, reserved 1048576K
}
Event: 20.945 GC heap after
{Heap after GC invocations=24 (full 0):
 garbage-first heap   total 63488K, used 36487K [0x0000000081000000, 0x0000000100000000)
  region size 1024K, 3 young (3072K), 3 survivors (3072K)
 Metaspace       used 73568K, committed 74304K, reserved 1114112K
  class space    used 10448K, committed 10752K, reserved 1048576K
}
Event: 21.557 GC heap before
{Heap before GC invocations=24 (full 0):
 garbage-first heap   total 63488K, used 55943K [0x0000000081000000, 0x0000000100000000)
  region size 1024K, 22 young (22528K), 3 survivors (3072K)
 Metaspace       used 75311K, committed 76032K, reserved 1114112K
  class space    used 10777K, committed 11072K, reserved 1048576K
}
Event: 21.566 GC heap after
{Heap after GC invocations=25 (full 0):
 garbage-first heap   total 63488K, used 38128K [0x0000000081000000, 0x0000000100000000)
  region size 1024K, 2 young (2048K), 2 survivors (2048K)
 Metaspace       used 75311K, committed 76032K, reserved 1114112K
  class space    used 10777K, committed 11072K, reserved 1048576K
}
Event: 21.961 GC heap before
{Heap before GC invocations=25 (full 0):
 garbage-first heap   total 63488K, used 55536K [0x0000000081000000, 0x0000000100000000)
  region size 1024K, 20 young (20480K), 2 survivors (2048K)
 Metaspace       used 76918K, committed 77696K, reserved 1179648K
  class space    used 11128K, committed 11456K, reserved 1048576K
}
Event: 21.967 GC heap after
{Heap after GC invocations=26 (full 0):
 garbage-first heap   total 63488K, used 39136K [0x0000000081000000, 0x0000000100000000)
  region size 1024K, 3 young (3072K), 3 survivors (3072K)
 Metaspace       used 76918K, committed 77696K, reserved 1179648K
  class space    used 11128K, committed 11456K, reserved 1048576K
}

